2019/03/13 15:22:03 - INFO - start test
2019/03/13 15:22:03 - INFO - Find element by: ('xpath', '//*[@id="kw"]')
2019/03/13 15:22:03 - INFO - Input Text: nihao ,To: ('xpath', '//*[@id="kw"]')
2019/03/13 15:22:03 - INFO - Find element by: ('xpath', '//*[@id="su"]')
2019/03/13 15:23:27 - INFO - start test
2019/03/13 15:23:27 - INFO - Find element by: ('xpath', '//*[@id="kw"]')
2019/03/13 15:23:27 - INFO - Input Text: nihao ,To: ('xpath', '//*[@id="kw"]')
2019/03/13 15:23:27 - INFO - Find element by: ('xpath', '//*[@id="su"]')
2019/03/13 15:24:59 - INFO - start test
2019/03/13 15:24:59 - INFO - Find element by: ('xpath', '//*[@id="kw"]')
2019/03/13 15:24:59 - INFO - Input Text: nihao ,To: ('xpath', '//*[@id="kw"]')
2019/03/13 15:24:59 - INFO - Find element by: ('xpath', '//*[@id="su"]')
2019/03/13 15:27:01 - INFO - start test
2019/03/13 15:27:01 - INFO - Find element by: ('xpath', '//*[@id="kw"]')
2019/03/13 15:27:01 - INFO - Input Text: nihao ,To: ('xpath', '//*[@id="kw"]')
2019/03/13 15:27:01 - INFO - Find element by: ('xpath', '//*[@id="su"]')
2019/03/13 15:27:28 - INFO - Current driver is: chrome
2019/03/13 15:27:31 - INFO - start test
2019/03/13 15:27:31 - INFO - Find element by: ('xpath', '//*[@id="kw"]')
2019/03/13 15:27:31 - INFO - Input Text: nihao ,To: ('xpath', '//*[@id="kw"]')
2019/03/13 15:27:31 - INFO - Find element by: ('xpath', '//*[@id="su"]')
2019/03/13 15:28:58 - INFO - Current driver is: chrome
2019/03/13 15:29:01 - INFO - start test
2019/03/13 15:29:01 - INFO - Find element by: ('xpath', '//*[@id="kw"]')
2019/03/13 15:29:01 - INFO - Input Text: nihao ,To: ('xpath', '//*[@id="kw"]')
2019/03/13 15:29:02 - INFO - Find element by: ('xpath', '//*[@id="su"]')
2019/03/13 15:29:02 - INFO - Click  ,By: ('xpath', '//*[@id="su"]')
2019/03/13 15:29:20 - INFO - Current driver is: chrome
2019/03/13 15:29:22 - INFO - Find element by: ('xpath', '//*[@id="kw"]')
2019/03/13 15:32:25 - INFO - Current driver is: chrome
2019/03/13 15:32:27 - INFO - Find element by: ('xpath', '//*[@id="kw"]')
2019/03/13 15:32:43 - INFO - Current driver is: chrome
2019/03/13 15:32:45 - INFO - Find element by: ('xpath', '//*[@id="kw"]')
2019/03/13 15:33:27 - INFO - Current driver is: chrome
2019/03/13 15:33:30 - INFO - Find element by: ('xpath', '//*[@id="kw"]')
2019/03/13 15:33:30 - INFO - Input Text: nihao ,To: ('xpath', '//*[@id="kw"]')
2019/03/13 15:33:31 - INFO - Find element by: ('xpath', '//*[@id="su"]')
2019/03/13 15:33:31 - INFO - Click  ,By: ('xpath', '//*[@id="su"]')
2019/03/13 15:45:01 - INFO - Current driver is: chrome
2019/03/13 15:45:04 - INFO - Find element by: ('xpath', '//*[@id="kw"]')
2019/03/13 15:45:04 - INFO - Input Text: nihao ,To: ('xpath', '//*[@id="kw"]')
2019/03/13 15:45:04 - INFO - Find element by: ('xpath', '//*[@id="su"]')
2019/03/13 15:45:04 - INFO - Click ,By: ('xpath', '//*[@id="su"]')
2019/03/13 15:46:36 - INFO - Current driver is: chrome
2019/03/13 15:46:39 - INFO - Find element by: ('xpath', '//*[@id="kw"]')
2019/03/13 15:46:39 - INFO - Input Text: nihao ,To: ('xpath', '//*[@id="kw"]')
2019/03/13 15:46:39 - INFO - Find element by: ('xpath', '//*[@id="su"]')
2019/03/13 15:46:39 - INFO - Click ,By: ('xpath', '//*[@id="su"]')
2019/03/13 15:50:37 - INFO - Current driver is: chrome
2019/03/13 15:50:40 - INFO - Find element by: ('xpath', '//*[@id="kw"]')
2019/03/13 15:50:41 - INFO - Input Text: nihao ,To: ('xpath', '//*[@id="kw"]')
2019/03/13 15:50:41 - INFO - Find element by: ('xpath', '//*[@id="su"]')
2019/03/13 15:50:41 - INFO - Click ,By: ('xpath', '//*[@id="su"]')
2019/03/13 15:52:36 - INFO - Current driver is: chrome
2019/03/13 15:52:49 - INFO - Current driver is: chrome
2019/03/13 15:52:53 - INFO - Find element by: ('xpath', '//*[@id="kw"]')
2019/03/13 15:52:53 - INFO - Input Text: nihao ,To: ('xpath', '//*[@id="kw"]')
2019/03/13 15:52:53 - INFO - Find element by: ('xpath', '//*[@id="su2"]')
2019/03/13 15:55:25 - INFO - Current driver is: chrome
2019/03/13 15:55:29 - INFO - Find element by: ('xpath', '//*[@id="kw"]')
2019/03/13 15:55:29 - INFO - Input Text: nihao ,To: ('xpath', '//*[@id="kw"]')
2019/03/13 15:55:29 - INFO - Find element by: ('xpath', '//*[@id="su2"]')
2019/03/13 15:55:39 - ERROR - Could not find Element by: ('xpath', '//*[@id="su2"]')
2019/03/13 15:56:09 - INFO - Current driver is: chrome
2019/03/13 15:56:12 - INFO - Find element by: ('xpath', '//*[@id="kw"]')
2019/03/13 15:56:12 - INFO - Input Text: nihao ,To: ('xpath', '//*[@id="kw"]')
2019/03/13 15:56:13 - INFO - Find element by: ('xpath', '//*[@id="su2"]')
2019/03/13 15:56:16 - ERROR - Could not find Element by: ('xpath', '//*[@id="su2"]')
2019/03/13 15:56:27 - INFO - Current driver is: chrome
2019/03/13 15:56:31 - INFO - Find element by: ('xpath', '//*[@id="kw"]')
2019/03/13 15:56:31 - INFO - Input Text: nihao ,To: ('xpath', '//*[@id="kw"]')
2019/03/13 15:56:31 - INFO - Find element by: ('xpath', '//*[@id="su2"]')
2019/03/13 15:56:34 - ERROR - Could not find Element by: ('xpath', '//*[@id="su2"]')
2019/03/13 15:57:37 - INFO - Current driver is: chrome
2019/03/13 15:57:40 - INFO - Find element by: ('xpath', '//*[@id="kw"]')
2019/03/13 15:57:40 - INFO - Input Text: nihao ,To: ('xpath', '//*[@id="kw"]')
2019/03/13 15:57:40 - INFO - Find element by: ('xpath', '//*[@id="su2"]')
2019/03/13 15:57:49 - INFO - Current driver is: chrome
2019/03/13 15:57:52 - INFO - Find element by: ('xpath', '//*[@id="kw"]')
2019/03/13 15:57:52 - INFO - Input Text: nihao ,To: ('xpath', '//*[@id="kw"]')
2019/03/13 15:57:52 - INFO - Find element by: ('xpath', '//*[@id="su2"]')
2019/03/13 15:57:56 - ERROR - Could not find Element by: ('xpath', '//*[@id="su2"]')
2019/03/13 15:59:00 - INFO - Current driver is: chrome
2019/03/13 15:59:03 - INFO - Find element by: ('xpath', '//*[@id="kw"]')
2019/03/13 15:59:11 - INFO - Current driver is: chrome
2019/03/13 15:59:14 - INFO - Find element by: ('xpath', '//*[@id="kw"]')
2019/03/13 15:59:14 - INFO - Input Text: nihao ,To: ('xpath', '//*[@id="kw"]')
2019/03/13 15:59:14 - INFO - Find element by: ('xpath', '//*[@id="su2"]')
2019/03/13 15:59:17 - ERROR - Could not find Element by: ('xpath', '//*[@id="su2"]')
